<?xml version="1.0" encoding="UTF-8"?>
<testng-results skipped="0" failed="10" ignored="4" total="17" passed="3">
  <reporter-output>
  </reporter-output>
  <suite name="FullstackFramework" duration-ms="68893" started-at="2020-06-18T02:32:16Z" finished-at="2020-06-18T02:33:25Z">
    <groups>
    </groups>
    <test name="Selenium_Advanced_Code" duration-ms="68893" started-at="2020-06-18T02:32:16Z" finished-at="2020-06-18T02:33:25Z">
      <class name="testUnit.LogInTest">
        <test-method status="PASS" signature="setUp()[pri:0, instance:testUnit.LogInTest@6276ae34]" name="setUp" is-config="true" duration-ms="2123" started-at="2020-06-18T02:32:16Z" finished-at="2020-06-18T02:32:18Z">
          <reporter-output>
          </reporter-output>
        </test-method> <!-- setUp -->
        <test-method status="FAIL" signature="logIntest_In_toKohls(java.lang.Object, java.lang.Object)[pri:0, instance:testUnit.LogInTest@6276ae34]" name="logIntest_In_toKohls" duration-ms="2652" started-at="2020-06-18T02:32:19Z" data-provider="login" finished-at="2020-06-18T02:32:22Z">
          <params>
            <param index="0">
              <value is-null="true"/>
            </param>
            <param index="1">
              <value is-null="true"/>
            </param>
          </params>
          <exception class="java.lang.NullPointerException">
            <full-stacktrace>
              <![CDATA[java.lang.NullPointerException
at testUnit.LogInTest.logIntest_In_toKohls(LogInTest.java:55)
at sun.reflect.NativeMethodAccessorImpl.invoke0(Native Method)
at sun.reflect.NativeMethodAccessorImpl.invoke(NativeMethodAccessorImpl.java:62)
at sun.reflect.DelegatingMethodAccessorImpl.invoke(DelegatingMethodAccessorImpl.java:43)
at java.lang.reflect.Method.invoke(Method.java:498)
at org.testng.internal.MethodInvocationHelper.invokeMethod(MethodInvocationHelper.java:124)
at org.testng.internal.Invoker.invokeMethod(Invoker.java:583)
at org.testng.internal.Invoker.invokeTestMethod(Invoker.java:719)
at org.testng.internal.Invoker.invokeTestMethods(Invoker.java:989)
at org.testng.internal.TestMethodWorker.invokeTestMethods(TestMethodWorker.java:125)
at org.testng.internal.TestMethodWorker.run(TestMethodWorker.java:109)
at java.util.concurrent.ThreadPoolExecutor.runWorker(ThreadPoolExecutor.java:1149)
at java.util.concurrent.ThreadPoolExecutor$Worker.run(ThreadPoolExecutor.java:624)
at java.lang.Thread.run(Thread.java:748)
]]>
            </full-stacktrace>
          </exception> <!-- java.lang.NullPointerException -->
          <reporter-output>
          </reporter-output>
        </test-method> <!-- logIntest_In_toKohls -->
        <test-method status="PASS" signature="getWebSite()[pri:0, instance:testUnit.LogInTest@6276ae34]" name="getWebSite" is-config="true" duration-ms="0" started-at="2020-06-18T02:32:19Z" finished-at="2020-06-18T02:32:19Z">
          <reporter-output>
          </reporter-output>
        </test-method> <!-- getWebSite -->
        <test-method status="PASS" signature="tearDown(org.testng.ITestResult)[pri:0, instance:testUnit.LogInTest@6276ae34]" name="tearDown" is-config="true" duration-ms="469" started-at="2020-06-18T02:32:23Z" finished-at="2020-06-18T02:32:23Z">
          <params>
            <param index="0">
              <value>
                <![CDATA[[TestResult name=logIntest_In_toKohls status=FAILURE method=LogInTest.logIntest_In_toKohls(java.lang.Object, java.lang.Object)[pri:0, instance:testUnit.LogInTest@6276ae34] output={null}]]]>
              </value>
            </param>
          </params>
          <reporter-output>
          </reporter-output>
        </test-method> <!-- tearDown -->
        <test-method status="PASS" signature="getWebSite()[pri:0, instance:testUnit.LogInTest@6276ae34]" name="getWebSite" is-config="true" duration-ms="0" started-at="2020-06-18T02:32:23Z" finished-at="2020-06-18T02:32:23Z">
          <reporter-output>
          </reporter-output>
        </test-method> <!-- getWebSite -->
        <test-method status="FAIL" signature="logIntest_In_toKohls(java.lang.Object, java.lang.Object)[pri:0, instance:testUnit.LogInTest@6276ae34]" name="logIntest_In_toKohls" duration-ms="1647" started-at="2020-06-18T02:32:23Z" data-provider="login" finished-at="2020-06-18T02:32:25Z">
          <params>
            <param index="0">
              <value is-null="true"/>
            </param>
            <param index="1">
              <value is-null="true"/>
            </param>
          </params>
          <exception class="org.openqa.selenium.InvalidElementStateException">
            <message>
              <![CDATA[invalid element state: Element is not currently interactable and may not be manipulated
  (Session info: chrome=83.0.4103.106)
  (Driver info: chromedriver=2.35.528157 (4429ca2590d6988c0745c24c8858745aaaec01ef),platform=Mac OS X 10.14.6 x86_64) (WARNING: The server did not provide any stacktrace information)
Command duration or timeout: 0 milliseconds
Build info: version: '3.14.0', revision: 'aacccce0', time: '2018-08-02T20:19:58.91Z'
System info: host: 'Mds-MacBook-Pro.home', ip: 'fe80:0:0:0:1c9e:b5f5:f39c:ad56%en0', os.name: 'Mac OS X', os.arch: 'x86_64', os.version: '10.14.6', java.version: '1.8.0_211'
Driver info: org.openqa.selenium.chrome.ChromeDriver
Capabilities {acceptInsecureCerts: false, acceptSslCerts: false, applicationCacheEnabled: false, browserConnectionEnabled: false, browserName: chrome, chrome: {chromedriverVersion: 2.35.528157 (4429ca2590d698..., userDataDir: /var/folders/j0/66hklvc12yv...}, cssSelectorsEnabled: true, databaseEnabled: false, handlesAlerts: true, hasTouchScreen: false, javascriptEnabled: true, locationContextEnabled: true, mobileEmulationEnabled: false, nativeEvents: true, networkConnectionEnabled: false, pageLoadStrategy: normal, platform: MAC, platformName: MAC, rotatable: false, setWindowRect: true, takesHeapSnapshot: true, takesScreenshot: true, unexpectedAlertBehaviour: , unhandledPromptBehavior: , version: 83.0.4103.106, webStorageEnabled: true}
Session ID: c7f241467ab9e0e7836b1cbb41759822]]>
            </message>
            <full-stacktrace>
              <![CDATA[org.openqa.selenium.InvalidElementStateException: invalid element state: Element is not currently interactable and may not be manipulated
  (Session info: chrome=83.0.4103.106)
  (Driver info: chromedriver=2.35.528157 (4429ca2590d6988c0745c24c8858745aaaec01ef),platform=Mac OS X 10.14.6 x86_64) (WARNING: The server did not provide any stacktrace information)
Command duration or timeout: 0 milliseconds
Build info: version: '3.14.0', revision: 'aacccce0', time: '2018-08-02T20:19:58.91Z'
System info: host: 'Mds-MacBook-Pro.home', ip: 'fe80:0:0:0:1c9e:b5f5:f39c:ad56%en0', os.name: 'Mac OS X', os.arch: 'x86_64', os.version: '10.14.6', java.version: '1.8.0_211'
Driver info: org.openqa.selenium.chrome.ChromeDriver
Capabilities {acceptInsecureCerts: false, acceptSslCerts: false, applicationCacheEnabled: false, browserConnectionEnabled: false, browserName: chrome, chrome: {chromedriverVersion: 2.35.528157 (4429ca2590d698..., userDataDir: /var/folders/j0/66hklvc12yv...}, cssSelectorsEnabled: true, databaseEnabled: false, handlesAlerts: true, hasTouchScreen: false, javascriptEnabled: true, locationContextEnabled: true, mobileEmulationEnabled: false, nativeEvents: true, networkConnectionEnabled: false, pageLoadStrategy: normal, platform: MAC, platformName: MAC, rotatable: false, setWindowRect: true, takesHeapSnapshot: true, takesScreenshot: true, unexpectedAlertBehaviour: , unhandledPromptBehavior: , version: 83.0.4103.106, webStorageEnabled: true}
Session ID: c7f241467ab9e0e7836b1cbb41759822
at sun.reflect.NativeConstructorAccessorImpl.newInstance0(Native Method)
at sun.reflect.NativeConstructorAccessorImpl.newInstance(NativeConstructorAccessorImpl.java:62)
at sun.reflect.DelegatingConstructorAccessorImpl.newInstance(DelegatingConstructorAccessorImpl.java:45)
at java.lang.reflect.Constructor.newInstance(Constructor.java:423)
at org.openqa.selenium.remote.ErrorHandler.createThrowable(ErrorHandler.java:214)
at org.openqa.selenium.remote.ErrorHandler.throwIfResponseFailed(ErrorHandler.java:166)
at org.openqa.selenium.remote.http.JsonHttpResponseCodec.reconstructValue(JsonHttpResponseCodec.java:40)
at org.openqa.selenium.remote.http.AbstractHttpResponseCodec.decode(AbstractHttpResponseCodec.java:80)
at org.openqa.selenium.remote.http.AbstractHttpResponseCodec.decode(AbstractHttpResponseCodec.java:44)
at org.openqa.selenium.remote.HttpCommandExecutor.execute(HttpCommandExecutor.java:158)
at org.openqa.selenium.remote.service.DriverCommandExecutor.execute(DriverCommandExecutor.java:83)
at org.openqa.selenium.remote.RemoteWebDriver.execute(RemoteWebDriver.java:548)
at org.openqa.selenium.remote.RemoteWebElement.execute(RemoteWebElement.java:276)
at org.openqa.selenium.remote.RemoteWebElement.clear(RemoteWebElement.java:118)
at testUnit.LogInTest.logIntest_In_toKohls(LogInTest.java:54)
at sun.reflect.NativeMethodAccessorImpl.invoke0(Native Method)
at sun.reflect.NativeMethodAccessorImpl.invoke(NativeMethodAccessorImpl.java:62)
at sun.reflect.DelegatingMethodAccessorImpl.invoke(DelegatingMethodAccessorImpl.java:43)
at java.lang.reflect.Method.invoke(Method.java:498)
at org.testng.internal.MethodInvocationHelper.invokeMethod(MethodInvocationHelper.java:124)
at org.testng.internal.Invoker.invokeMethod(Invoker.java:583)
at org.testng.internal.Invoker.invokeTestMethod(Invoker.java:719)
at org.testng.internal.Invoker.invokeTestMethods(Invoker.java:989)
at org.testng.internal.TestMethodWorker.invokeTestMethods(TestMethodWorker.java:125)
at org.testng.internal.TestMethodWorker.run(TestMethodWorker.java:109)
at java.util.concurrent.ThreadPoolExecutor.runWorker(ThreadPoolExecutor.java:1149)
at java.util.concurrent.ThreadPoolExecutor$Worker.run(ThreadPoolExecutor.java:624)
at java.lang.Thread.run(Thread.java:748)
]]>
            </full-stacktrace>
          </exception> <!-- org.openqa.selenium.InvalidElementStateException -->
          <reporter-output>
          </reporter-output>
        </test-method> <!-- logIntest_In_toKohls -->
        <test-method status="PASS" signature="tearDown(org.testng.ITestResult)[pri:0, instance:testUnit.LogInTest@6276ae34]" name="tearDown" is-config="true" duration-ms="447" started-at="2020-06-18T02:32:26Z" finished-at="2020-06-18T02:32:26Z">
          <params>
            <param index="0">
              <value>
                <![CDATA[[TestResult name=logIntest_In_toKohls status=FAILURE method=LogInTest.logIntest_In_toKohls(java.lang.Object, java.lang.Object)[pri:0, instance:testUnit.LogInTest@6276ae34] output={null}]]]>
              </value>
            </param>
          </params>
          <reporter-output>
          </reporter-output>
        </test-method> <!-- tearDown -->
        <test-method status="FAIL" signature="logIntest_In_toKohls(java.lang.Object, java.lang.Object)[pri:0, instance:testUnit.LogInTest@6276ae34]" name="logIntest_In_toKohls" duration-ms="1876" started-at="2020-06-18T02:32:26Z" data-provider="login" finished-at="2020-06-18T02:32:28Z">
          <params>
            <param index="0">
              <value is-null="true"/>
            </param>
            <param index="1">
              <value is-null="true"/>
            </param>
          </params>
          <exception class="java.lang.NullPointerException">
            <full-stacktrace>
              <![CDATA[java.lang.NullPointerException
at testUnit.LogInTest.logIntest_In_toKohls(LogInTest.java:55)
at sun.reflect.NativeMethodAccessorImpl.invoke0(Native Method)
at sun.reflect.NativeMethodAccessorImpl.invoke(NativeMethodAccessorImpl.java:62)
at sun.reflect.DelegatingMethodAccessorImpl.invoke(DelegatingMethodAccessorImpl.java:43)
at java.lang.reflect.Method.invoke(Method.java:498)
at org.testng.internal.MethodInvocationHelper.invokeMethod(MethodInvocationHelper.java:124)
at org.testng.internal.Invoker.invokeMethod(Invoker.java:583)
at org.testng.internal.Invoker.invokeTestMethod(Invoker.java:719)
at org.testng.internal.Invoker.invokeTestMethods(Invoker.java:989)
at org.testng.internal.TestMethodWorker.invokeTestMethods(TestMethodWorker.java:125)
at org.testng.internal.TestMethodWorker.run(TestMethodWorker.java:109)
at java.util.concurrent.ThreadPoolExecutor.runWorker(ThreadPoolExecutor.java:1149)
at java.util.concurrent.ThreadPoolExecutor$Worker.run(ThreadPoolExecutor.java:624)
at java.lang.Thread.run(Thread.java:748)
]]>
            </full-stacktrace>
          </exception> <!-- java.lang.NullPointerException -->
          <reporter-output>
          </reporter-output>
        </test-method> <!-- logIntest_In_toKohls -->
        <test-method status="PASS" signature="getWebSite()[pri:0, instance:testUnit.LogInTest@6276ae34]" name="getWebSite" is-config="true" duration-ms="0" started-at="2020-06-18T02:32:26Z" finished-at="2020-06-18T02:32:26Z">
          <reporter-output>
          </reporter-output>
        </test-method> <!-- getWebSite -->
        <test-method status="PASS" signature="tearDown(org.testng.ITestResult)[pri:0, instance:testUnit.LogInTest@6276ae34]" name="tearDown" is-config="true" duration-ms="430" started-at="2020-06-18T02:32:29Z" finished-at="2020-06-18T02:32:29Z">
          <params>
            <param index="0">
              <value>
                <![CDATA[[TestResult name=logIntest_In_toKohls status=FAILURE method=LogInTest.logIntest_In_toKohls(java.lang.Object, java.lang.Object)[pri:0, instance:testUnit.LogInTest@6276ae34] output={null}]]]>
              </value>
            </param>
          </params>
          <reporter-output>
          </reporter-output>
        </test-method> <!-- tearDown -->
        <test-method status="PASS" signature="getWebSite()[pri:0, instance:testUnit.LogInTest@6276ae34]" name="getWebSite" is-config="true" duration-ms="1" started-at="2020-06-18T02:32:29Z" finished-at="2020-06-18T02:32:29Z">
          <reporter-output>
          </reporter-output>
        </test-method> <!-- getWebSite -->
        <test-method status="FAIL" signature="logIntest_In_toKohls(java.lang.Object, java.lang.Object)[pri:0, instance:testUnit.LogInTest@6276ae34]" name="logIntest_In_toKohls" duration-ms="1734" started-at="2020-06-18T02:32:29Z" data-provider="login" finished-at="2020-06-18T02:32:31Z">
          <params>
            <param index="0">
              <value is-null="true"/>
            </param>
            <param index="1">
              <value is-null="true"/>
            </param>
          </params>
          <exception class="java.lang.NullPointerException">
            <full-stacktrace>
              <![CDATA[java.lang.NullPointerException
at testUnit.LogInTest.logIntest_In_toKohls(LogInTest.java:55)
at sun.reflect.NativeMethodAccessorImpl.invoke0(Native Method)
at sun.reflect.NativeMethodAccessorImpl.invoke(NativeMethodAccessorImpl.java:62)
at sun.reflect.DelegatingMethodAccessorImpl.invoke(DelegatingMethodAccessorImpl.java:43)
at java.lang.reflect.Method.invoke(Method.java:498)
at org.testng.internal.MethodInvocationHelper.invokeMethod(MethodInvocationHelper.java:124)
at org.testng.internal.Invoker.invokeMethod(Invoker.java:583)
at org.testng.internal.Invoker.invokeTestMethod(Invoker.java:719)
at org.testng.internal.Invoker.invokeTestMethods(Invoker.java:989)
at org.testng.internal.TestMethodWorker.invokeTestMethods(TestMethodWorker.java:125)
at org.testng.internal.TestMethodWorker.run(TestMethodWorker.java:109)
at java.util.concurrent.ThreadPoolExecutor.runWorker(ThreadPoolExecutor.java:1149)
at java.util.concurrent.ThreadPoolExecutor$Worker.run(ThreadPoolExecutor.java:624)
at java.lang.Thread.run(Thread.java:748)
]]>
            </full-stacktrace>
          </exception> <!-- java.lang.NullPointerException -->
          <reporter-output>
          </reporter-output>
        </test-method> <!-- logIntest_In_toKohls -->
        <test-method status="PASS" signature="tearDown(org.testng.ITestResult)[pri:0, instance:testUnit.LogInTest@6276ae34]" name="tearDown" is-config="true" duration-ms="401" started-at="2020-06-18T02:32:32Z" finished-at="2020-06-18T02:32:32Z">
          <params>
            <param index="0">
              <value>
                <![CDATA[[TestResult name=logIntest_In_toKohls status=FAILURE method=LogInTest.logIntest_In_toKohls(java.lang.Object, java.lang.Object)[pri:0, instance:testUnit.LogInTest@6276ae34] output={null}]]]>
              </value>
            </param>
          </params>
          <reporter-output>
          </reporter-output>
        </test-method> <!-- tearDown -->
        <test-method status="PASS" signature="getWebSite()[pri:0, instance:testUnit.LogInTest@6276ae34]" name="getWebSite" is-config="true" duration-ms="0" started-at="2020-06-18T02:32:32Z" finished-at="2020-06-18T02:32:32Z">
          <reporter-output>
          </reporter-output>
        </test-method> <!-- getWebSite -->
        <test-method status="FAIL" signature="logIntest_In_toKohls(java.lang.Object, java.lang.Object)[pri:0, instance:testUnit.LogInTest@6276ae34]" name="logIntest_In_toKohls" duration-ms="1640" started-at="2020-06-18T02:32:32Z" data-provider="login" finished-at="2020-06-18T02:32:34Z">
          <params>
            <param index="0">
              <value is-null="true"/>
            </param>
            <param index="1">
              <value is-null="true"/>
            </param>
          </params>
          <exception class="java.lang.NullPointerException">
            <full-stacktrace>
              <![CDATA[java.lang.NullPointerException
at testUnit.LogInTest.logIntest_In_toKohls(LogInTest.java:55)
at sun.reflect.NativeMethodAccessorImpl.invoke0(Native Method)
at sun.reflect.NativeMethodAccessorImpl.invoke(NativeMethodAccessorImpl.java:62)
at sun.reflect.DelegatingMethodAccessorImpl.invoke(DelegatingMethodAccessorImpl.java:43)
at java.lang.reflect.Method.invoke(Method.java:498)
at org.testng.internal.MethodInvocationHelper.invokeMethod(MethodInvocationHelper.java:124)
at org.testng.internal.Invoker.invokeMethod(Invoker.java:583)
at org.testng.internal.Invoker.invokeTestMethod(Invoker.java:719)
at org.testng.internal.Invoker.invokeTestMethods(Invoker.java:989)
at org.testng.internal.TestMethodWorker.invokeTestMethods(TestMethodWorker.java:125)
at org.testng.internal.TestMethodWorker.run(TestMethodWorker.java:109)
at java.util.concurrent.ThreadPoolExecutor.runWorker(ThreadPoolExecutor.java:1149)
at java.util.concurrent.ThreadPoolExecutor$Worker.run(ThreadPoolExecutor.java:624)
at java.lang.Thread.run(Thread.java:748)
]]>
            </full-stacktrace>
          </exception> <!-- java.lang.NullPointerException -->
          <reporter-output>
          </reporter-output>
        </test-method> <!-- logIntest_In_toKohls -->
        <test-method status="PASS" signature="tearDown(org.testng.ITestResult)[pri:0, instance:testUnit.LogInTest@6276ae34]" name="tearDown" is-config="true" duration-ms="419" started-at="2020-06-18T02:32:35Z" finished-at="2020-06-18T02:32:35Z">
          <params>
            <param index="0">
              <value>
                <![CDATA[[TestResult name=logIntest_In_toKohls status=FAILURE method=LogInTest.logIntest_In_toKohls(java.lang.Object, java.lang.Object)[pri:0, instance:testUnit.LogInTest@6276ae34] output={null}]]]>
              </value>
            </param>
          </params>
          <reporter-output>
          </reporter-output>
        </test-method> <!-- tearDown -->
        <test-method status="PASS" signature="getWebSite()[pri:0, instance:testUnit.LogInTest@6276ae34]" name="getWebSite" is-config="true" duration-ms="1" started-at="2020-06-18T02:32:35Z" finished-at="2020-06-18T02:32:35Z">
          <reporter-output>
          </reporter-output>
        </test-method> <!-- getWebSite -->
        <test-method status="FAIL" signature="logIntest_In_toKohls(java.lang.Object, java.lang.Object)[pri:0, instance:testUnit.LogInTest@6276ae34]" name="logIntest_In_toKohls" duration-ms="1594" started-at="2020-06-18T02:32:35Z" data-provider="login" finished-at="2020-06-18T02:32:37Z">
          <params>
            <param index="0">
              <value is-null="true"/>
            </param>
            <param index="1">
              <value is-null="true"/>
            </param>
          </params>
          <exception class="java.lang.NullPointerException">
            <full-stacktrace>
              <![CDATA[java.lang.NullPointerException
at testUnit.LogInTest.logIntest_In_toKohls(LogInTest.java:55)
at sun.reflect.NativeMethodAccessorImpl.invoke0(Native Method)
at sun.reflect.NativeMethodAccessorImpl.invoke(NativeMethodAccessorImpl.java:62)
at sun.reflect.DelegatingMethodAccessorImpl.invoke(DelegatingMethodAccessorImpl.java:43)
at java.lang.reflect.Method.invoke(Method.java:498)
at org.testng.internal.MethodInvocationHelper.invokeMethod(MethodInvocationHelper.java:124)
at org.testng.internal.Invoker.invokeMethod(Invoker.java:583)
at org.testng.internal.Invoker.invokeTestMethod(Invoker.java:719)
at org.testng.internal.Invoker.invokeTestMethods(Invoker.java:989)
at org.testng.internal.TestMethodWorker.invokeTestMethods(TestMethodWorker.java:125)
at org.testng.internal.TestMethodWorker.run(TestMethodWorker.java:109)
at java.util.concurrent.ThreadPoolExecutor.runWorker(ThreadPoolExecutor.java:1149)
at java.util.concurrent.ThreadPoolExecutor$Worker.run(ThreadPoolExecutor.java:624)
at java.lang.Thread.run(Thread.java:748)
]]>
            </full-stacktrace>
          </exception> <!-- java.lang.NullPointerException -->
          <reporter-output>
          </reporter-output>
        </test-method> <!-- logIntest_In_toKohls -->
        <test-method status="PASS" signature="tearDown(org.testng.ITestResult)[pri:0, instance:testUnit.LogInTest@6276ae34]" name="tearDown" is-config="true" duration-ms="446" started-at="2020-06-18T02:32:38Z" finished-at="2020-06-18T02:32:38Z">
          <params>
            <param index="0">
              <value>
                <![CDATA[[TestResult name=logIntest_In_toKohls status=FAILURE method=LogInTest.logIntest_In_toKohls(java.lang.Object, java.lang.Object)[pri:0, instance:testUnit.LogInTest@6276ae34] output={null}]]]>
              </value>
            </param>
          </params>
          <reporter-output>
          </reporter-output>
        </test-method> <!-- tearDown -->
        <test-method status="FAIL" signature="logIntest_In_toKohls(java.lang.Object, java.lang.Object)[pri:0, instance:testUnit.LogInTest@6276ae34]" name="logIntest_In_toKohls" duration-ms="1696" started-at="2020-06-18T02:32:38Z" data-provider="login" finished-at="2020-06-18T02:32:40Z">
          <params>
            <param index="0">
              <value is-null="true"/>
            </param>
            <param index="1">
              <value is-null="true"/>
            </param>
          </params>
          <exception class="org.openqa.selenium.InvalidElementStateException">
            <message>
              <![CDATA[invalid element state: Element is not currently interactable and may not be manipulated
  (Session info: chrome=83.0.4103.106)
  (Driver info: chromedriver=2.35.528157 (4429ca2590d6988c0745c24c8858745aaaec01ef),platform=Mac OS X 10.14.6 x86_64) (WARNING: The server did not provide any stacktrace information)
Command duration or timeout: 0 milliseconds
Build info: version: '3.14.0', revision: 'aacccce0', time: '2018-08-02T20:19:58.91Z'
System info: host: 'Mds-MacBook-Pro.home', ip: 'fe80:0:0:0:1c9e:b5f5:f39c:ad56%en0', os.name: 'Mac OS X', os.arch: 'x86_64', os.version: '10.14.6', java.version: '1.8.0_211'
Driver info: org.openqa.selenium.chrome.ChromeDriver
Capabilities {acceptInsecureCerts: false, acceptSslCerts: false, applicationCacheEnabled: false, browserConnectionEnabled: false, browserName: chrome, chrome: {chromedriverVersion: 2.35.528157 (4429ca2590d698..., userDataDir: /var/folders/j0/66hklvc12yv...}, cssSelectorsEnabled: true, databaseEnabled: false, handlesAlerts: true, hasTouchScreen: false, javascriptEnabled: true, locationContextEnabled: true, mobileEmulationEnabled: false, nativeEvents: true, networkConnectionEnabled: false, pageLoadStrategy: normal, platform: MAC, platformName: MAC, rotatable: false, setWindowRect: true, takesHeapSnapshot: true, takesScreenshot: true, unexpectedAlertBehaviour: , unhandledPromptBehavior: , version: 83.0.4103.106, webStorageEnabled: true}
Session ID: c7f241467ab9e0e7836b1cbb41759822]]>
            </message>
            <full-stacktrace>
              <![CDATA[org.openqa.selenium.InvalidElementStateException: invalid element state: Element is not currently interactable and may not be manipulated
  (Session info: chrome=83.0.4103.106)
  (Driver info: chromedriver=2.35.528157 (4429ca2590d6988c0745c24c8858745aaaec01ef),platform=Mac OS X 10.14.6 x86_64) (WARNING: The server did not provide any stacktrace information)
Command duration or timeout: 0 milliseconds
Build info: version: '3.14.0', revision: 'aacccce0', time: '2018-08-02T20:19:58.91Z'
System info: host: 'Mds-MacBook-Pro.home', ip: 'fe80:0:0:0:1c9e:b5f5:f39c:ad56%en0', os.name: 'Mac OS X', os.arch: 'x86_64', os.version: '10.14.6', java.version: '1.8.0_211'
Driver info: org.openqa.selenium.chrome.ChromeDriver
Capabilities {acceptInsecureCerts: false, acceptSslCerts: false, applicationCacheEnabled: false, browserConnectionEnabled: false, browserName: chrome, chrome: {chromedriverVersion: 2.35.528157 (4429ca2590d698..., userDataDir: /var/folders/j0/66hklvc12yv...}, cssSelectorsEnabled: true, databaseEnabled: false, handlesAlerts: true, hasTouchScreen: false, javascriptEnabled: true, locationContextEnabled: true, mobileEmulationEnabled: false, nativeEvents: true, networkConnectionEnabled: false, pageLoadStrategy: normal, platform: MAC, platformName: MAC, rotatable: false, setWindowRect: true, takesHeapSnapshot: true, takesScreenshot: true, unexpectedAlertBehaviour: , unhandledPromptBehavior: , version: 83.0.4103.106, webStorageEnabled: true}
Session ID: c7f241467ab9e0e7836b1cbb41759822
at sun.reflect.NativeConstructorAccessorImpl.newInstance0(Native Method)
at sun.reflect.NativeConstructorAccessorImpl.newInstance(NativeConstructorAccessorImpl.java:62)
at sun.reflect.DelegatingConstructorAccessorImpl.newInstance(DelegatingConstructorAccessorImpl.java:45)
at java.lang.reflect.Constructor.newInstance(Constructor.java:423)
at org.openqa.selenium.remote.ErrorHandler.createThrowable(ErrorHandler.java:214)
at org.openqa.selenium.remote.ErrorHandler.throwIfResponseFailed(ErrorHandler.java:166)
at org.openqa.selenium.remote.http.JsonHttpResponseCodec.reconstructValue(JsonHttpResponseCodec.java:40)
at org.openqa.selenium.remote.http.AbstractHttpResponseCodec.decode(AbstractHttpResponseCodec.java:80)
at org.openqa.selenium.remote.http.AbstractHttpResponseCodec.decode(AbstractHttpResponseCodec.java:44)
at org.openqa.selenium.remote.HttpCommandExecutor.execute(HttpCommandExecutor.java:158)
at org.openqa.selenium.remote.service.DriverCommandExecutor.execute(DriverCommandExecutor.java:83)
at org.openqa.selenium.remote.RemoteWebDriver.execute(RemoteWebDriver.java:548)
at org.openqa.selenium.remote.RemoteWebElement.execute(RemoteWebElement.java:276)
at org.openqa.selenium.remote.RemoteWebElement.clear(RemoteWebElement.java:118)
at testUnit.LogInTest.logIntest_In_toKohls(LogInTest.java:54)
at sun.reflect.NativeMethodAccessorImpl.invoke0(Native Method)
at sun.reflect.NativeMethodAccessorImpl.invoke(NativeMethodAccessorImpl.java:62)
at sun.reflect.DelegatingMethodAccessorImpl.invoke(DelegatingMethodAccessorImpl.java:43)
at java.lang.reflect.Method.invoke(Method.java:498)
at org.testng.internal.MethodInvocationHelper.invokeMethod(MethodInvocationHelper.java:124)
at org.testng.internal.Invoker.invokeMethod(Invoker.java:583)
at org.testng.internal.Invoker.invokeTestMethod(Invoker.java:719)
at org.testng.internal.Invoker.invokeTestMethods(Invoker.java:989)
at org.testng.internal.TestMethodWorker.invokeTestMethods(TestMethodWorker.java:125)
at org.testng.internal.TestMethodWorker.run(TestMethodWorker.java:109)
at java.util.concurrent.ThreadPoolExecutor.runWorker(ThreadPoolExecutor.java:1149)
at java.util.concurrent.ThreadPoolExecutor$Worker.run(ThreadPoolExecutor.java:624)
at java.lang.Thread.run(Thread.java:748)
]]>
            </full-stacktrace>
          </exception> <!-- org.openqa.selenium.InvalidElementStateException -->
          <reporter-output>
          </reporter-output>
        </test-method> <!-- logIntest_In_toKohls -->
        <test-method status="PASS" signature="getWebSite()[pri:0, instance:testUnit.LogInTest@6276ae34]" name="getWebSite" is-config="true" duration-ms="0" started-at="2020-06-18T02:32:38Z" finished-at="2020-06-18T02:32:38Z">
          <reporter-output>
          </reporter-output>
        </test-method> <!-- getWebSite -->
        <test-method status="PASS" signature="tearDown(org.testng.ITestResult)[pri:0, instance:testUnit.LogInTest@6276ae34]" name="tearDown" is-config="true" duration-ms="399" started-at="2020-06-18T02:32:41Z" finished-at="2020-06-18T02:32:41Z">
          <params>
            <param index="0">
              <value>
                <![CDATA[[TestResult name=logIntest_In_toKohls status=FAILURE method=LogInTest.logIntest_In_toKohls(java.lang.Object, java.lang.Object)[pri:0, instance:testUnit.LogInTest@6276ae34] output={null}]]]>
              </value>
            </param>
          </params>
          <reporter-output>
          </reporter-output>
        </test-method> <!-- tearDown -->
        <test-method status="FAIL" signature="logIntest_In_toKohls(java.lang.Object, java.lang.Object)[pri:0, instance:testUnit.LogInTest@6276ae34]" name="logIntest_In_toKohls" duration-ms="1654" started-at="2020-06-18T02:32:41Z" data-provider="login" finished-at="2020-06-18T02:32:43Z">
          <params>
            <param index="0">
              <value is-null="true"/>
            </param>
            <param index="1">
              <value is-null="true"/>
            </param>
          </params>
          <exception class="java.lang.NullPointerException">
            <full-stacktrace>
              <![CDATA[java.lang.NullPointerException
at testUnit.LogInTest.logIntest_In_toKohls(LogInTest.java:55)
at sun.reflect.NativeMethodAccessorImpl.invoke0(Native Method)
at sun.reflect.NativeMethodAccessorImpl.invoke(NativeMethodAccessorImpl.java:62)
at sun.reflect.DelegatingMethodAccessorImpl.invoke(DelegatingMethodAccessorImpl.java:43)
at java.lang.reflect.Method.invoke(Method.java:498)
at org.testng.internal.MethodInvocationHelper.invokeMethod(MethodInvocationHelper.java:124)
at org.testng.internal.Invoker.invokeMethod(Invoker.java:583)
at org.testng.internal.Invoker.invokeTestMethod(Invoker.java:719)
at org.testng.internal.Invoker.invokeTestMethods(Invoker.java:989)
at org.testng.internal.TestMethodWorker.invokeTestMethods(TestMethodWorker.java:125)
at org.testng.internal.TestMethodWorker.run(TestMethodWorker.java:109)
at java.util.concurrent.ThreadPoolExecutor.runWorker(ThreadPoolExecutor.java:1149)
at java.util.concurrent.ThreadPoolExecutor$Worker.run(ThreadPoolExecutor.java:624)
at java.lang.Thread.run(Thread.java:748)
]]>
            </full-stacktrace>
          </exception> <!-- java.lang.NullPointerException -->
          <reporter-output>
          </reporter-output>
        </test-method> <!-- logIntest_In_toKohls -->
        <test-method status="PASS" signature="getWebSite()[pri:0, instance:testUnit.LogInTest@6276ae34]" name="getWebSite" is-config="true" duration-ms="0" started-at="2020-06-18T02:32:41Z" finished-at="2020-06-18T02:32:41Z">
          <reporter-output>
          </reporter-output>
        </test-method> <!-- getWebSite -->
        <test-method status="PASS" signature="tearDown(org.testng.ITestResult)[pri:0, instance:testUnit.LogInTest@6276ae34]" name="tearDown" is-config="true" duration-ms="401" started-at="2020-06-18T02:32:44Z" finished-at="2020-06-18T02:32:44Z">
          <params>
            <param index="0">
              <value>
                <![CDATA[[TestResult name=logIntest_In_toKohls status=FAILURE method=LogInTest.logIntest_In_toKohls(java.lang.Object, java.lang.Object)[pri:0, instance:testUnit.LogInTest@6276ae34] output={null}]]]>
              </value>
            </param>
          </params>
          <reporter-output>
          </reporter-output>
        </test-method> <!-- tearDown -->
        <test-method status="FAIL" signature="logIntest_In_toKohls(java.lang.Object, java.lang.Object)[pri:0, instance:testUnit.LogInTest@6276ae34]" name="logIntest_In_toKohls" duration-ms="1561" started-at="2020-06-18T02:32:44Z" data-provider="login" finished-at="2020-06-18T02:32:46Z">
          <params>
            <param index="0">
              <value is-null="true"/>
            </param>
            <param index="1">
              <value is-null="true"/>
            </param>
          </params>
          <exception class="org.openqa.selenium.InvalidElementStateException">
            <message>
              <![CDATA[invalid element state: Element is not currently interactable and may not be manipulated
  (Session info: chrome=83.0.4103.106)
  (Driver info: chromedriver=2.35.528157 (4429ca2590d6988c0745c24c8858745aaaec01ef),platform=Mac OS X 10.14.6 x86_64) (WARNING: The server did not provide any stacktrace information)
Command duration or timeout: 0 milliseconds
Build info: version: '3.14.0', revision: 'aacccce0', time: '2018-08-02T20:19:58.91Z'
System info: host: 'Mds-MacBook-Pro.home', ip: 'fe80:0:0:0:1c9e:b5f5:f39c:ad56%en0', os.name: 'Mac OS X', os.arch: 'x86_64', os.version: '10.14.6', java.version: '1.8.0_211'
Driver info: org.openqa.selenium.chrome.ChromeDriver
Capabilities {acceptInsecureCerts: false, acceptSslCerts: false, applicationCacheEnabled: false, browserConnectionEnabled: false, browserName: chrome, chrome: {chromedriverVersion: 2.35.528157 (4429ca2590d698..., userDataDir: /var/folders/j0/66hklvc12yv...}, cssSelectorsEnabled: true, databaseEnabled: false, handlesAlerts: true, hasTouchScreen: false, javascriptEnabled: true, locationContextEnabled: true, mobileEmulationEnabled: false, nativeEvents: true, networkConnectionEnabled: false, pageLoadStrategy: normal, platform: MAC, platformName: MAC, rotatable: false, setWindowRect: true, takesHeapSnapshot: true, takesScreenshot: true, unexpectedAlertBehaviour: , unhandledPromptBehavior: , version: 83.0.4103.106, webStorageEnabled: true}
Session ID: c7f241467ab9e0e7836b1cbb41759822]]>
            </message>
            <full-stacktrace>
              <![CDATA[org.openqa.selenium.InvalidElementStateException: invalid element state: Element is not currently interactable and may not be manipulated
  (Session info: chrome=83.0.4103.106)
  (Driver info: chromedriver=2.35.528157 (4429ca2590d6988c0745c24c8858745aaaec01ef),platform=Mac OS X 10.14.6 x86_64) (WARNING: The server did not provide any stacktrace information)
Command duration or timeout: 0 milliseconds
Build info: version: '3.14.0', revision: 'aacccce0', time: '2018-08-02T20:19:58.91Z'
System info: host: 'Mds-MacBook-Pro.home', ip: 'fe80:0:0:0:1c9e:b5f5:f39c:ad56%en0', os.name: 'Mac OS X', os.arch: 'x86_64', os.version: '10.14.6', java.version: '1.8.0_211'
Driver info: org.openqa.selenium.chrome.ChromeDriver
Capabilities {acceptInsecureCerts: false, acceptSslCerts: false, applicationCacheEnabled: false, browserConnectionEnabled: false, browserName: chrome, chrome: {chromedriverVersion: 2.35.528157 (4429ca2590d698..., userDataDir: /var/folders/j0/66hklvc12yv...}, cssSelectorsEnabled: true, databaseEnabled: false, handlesAlerts: true, hasTouchScreen: false, javascriptEnabled: true, locationContextEnabled: true, mobileEmulationEnabled: false, nativeEvents: true, networkConnectionEnabled: false, pageLoadStrategy: normal, platform: MAC, platformName: MAC, rotatable: false, setWindowRect: true, takesHeapSnapshot: true, takesScreenshot: true, unexpectedAlertBehaviour: , unhandledPromptBehavior: , version: 83.0.4103.106, webStorageEnabled: true}
Session ID: c7f241467ab9e0e7836b1cbb41759822
at sun.reflect.NativeConstructorAccessorImpl.newInstance0(Native Method)
at sun.reflect.NativeConstructorAccessorImpl.newInstance(NativeConstructorAccessorImpl.java:62)
at sun.reflect.DelegatingConstructorAccessorImpl.newInstance(DelegatingConstructorAccessorImpl.java:45)
at java.lang.reflect.Constructor.newInstance(Constructor.java:423)
at org.openqa.selenium.remote.ErrorHandler.createThrowable(ErrorHandler.java:214)
at org.openqa.selenium.remote.ErrorHandler.throwIfResponseFailed(ErrorHandler.java:166)
at org.openqa.selenium.remote.http.JsonHttpResponseCodec.reconstructValue(JsonHttpResponseCodec.java:40)
at org.openqa.selenium.remote.http.AbstractHttpResponseCodec.decode(AbstractHttpResponseCodec.java:80)
at org.openqa.selenium.remote.http.AbstractHttpResponseCodec.decode(AbstractHttpResponseCodec.java:44)
at org.openqa.selenium.remote.HttpCommandExecutor.execute(HttpCommandExecutor.java:158)
at org.openqa.selenium.remote.service.DriverCommandExecutor.execute(DriverCommandExecutor.java:83)
at org.openqa.selenium.remote.RemoteWebDriver.execute(RemoteWebDriver.java:548)
at org.openqa.selenium.remote.RemoteWebElement.execute(RemoteWebElement.java:276)
at org.openqa.selenium.remote.RemoteWebElement.clear(RemoteWebElement.java:118)
at testUnit.LogInTest.logIntest_In_toKohls(LogInTest.java:54)
at sun.reflect.NativeMethodAccessorImpl.invoke0(Native Method)
at sun.reflect.NativeMethodAccessorImpl.invoke(NativeMethodAccessorImpl.java:62)
at sun.reflect.DelegatingMethodAccessorImpl.invoke(DelegatingMethodAccessorImpl.java:43)
at java.lang.reflect.Method.invoke(Method.java:498)
at org.testng.internal.MethodInvocationHelper.invokeMethod(MethodInvocationHelper.java:124)
at org.testng.internal.Invoker.invokeMethod(Invoker.java:583)
at org.testng.internal.Invoker.invokeTestMethod(Invoker.java:719)
at org.testng.internal.Invoker.invokeTestMethods(Invoker.java:989)
at org.testng.internal.TestMethodWorker.invokeTestMethods(TestMethodWorker.java:125)
at org.testng.internal.TestMethodWorker.run(TestMethodWorker.java:109)
at java.util.concurrent.ThreadPoolExecutor.runWorker(ThreadPoolExecutor.java:1149)
at java.util.concurrent.ThreadPoolExecutor$Worker.run(ThreadPoolExecutor.java:624)
at java.lang.Thread.run(Thread.java:748)
]]>
            </full-stacktrace>
          </exception> <!-- org.openqa.selenium.InvalidElementStateException -->
          <reporter-output>
          </reporter-output>
        </test-method> <!-- logIntest_In_toKohls -->
        <test-method status="PASS" signature="getWebSite()[pri:0, instance:testUnit.LogInTest@6276ae34]" name="getWebSite" is-config="true" duration-ms="0" started-at="2020-06-18T02:32:44Z" finished-at="2020-06-18T02:32:44Z">
          <reporter-output>
          </reporter-output>
        </test-method> <!-- getWebSite -->
        <test-method status="PASS" signature="tearDown(org.testng.ITestResult)[pri:0, instance:testUnit.LogInTest@6276ae34]" name="tearDown" is-config="true" duration-ms="388" started-at="2020-06-18T02:32:47Z" finished-at="2020-06-18T02:32:47Z">
          <params>
            <param index="0">
              <value>
                <![CDATA[[TestResult name=logIntest_In_toKohls status=FAILURE method=LogInTest.logIntest_In_toKohls(java.lang.Object, java.lang.Object)[pri:0, instance:testUnit.LogInTest@6276ae34] output={null}]]]>
              </value>
            </param>
          </params>
          <reporter-output>
          </reporter-output>
        </test-method> <!-- tearDown -->
        <test-method status="FAIL" signature="logIntest_In_toKohls(java.lang.Object, java.lang.Object)[pri:0, instance:testUnit.LogInTest@6276ae34]" name="logIntest_In_toKohls" duration-ms="1685" started-at="2020-06-18T02:32:47Z" data-provider="login" finished-at="2020-06-18T02:32:49Z">
          <params>
            <param index="0">
              <value is-null="true"/>
            </param>
            <param index="1">
              <value is-null="true"/>
            </param>
          </params>
          <exception class="org.openqa.selenium.InvalidElementStateException">
            <message>
              <![CDATA[invalid element state: Element is not currently interactable and may not be manipulated
  (Session info: chrome=83.0.4103.106)
  (Driver info: chromedriver=2.35.528157 (4429ca2590d6988c0745c24c8858745aaaec01ef),platform=Mac OS X 10.14.6 x86_64) (WARNING: The server did not provide any stacktrace information)
Command duration or timeout: 0 milliseconds
Build info: version: '3.14.0', revision: 'aacccce0', time: '2018-08-02T20:19:58.91Z'
System info: host: 'Mds-MacBook-Pro.home', ip: 'fe80:0:0:0:1c9e:b5f5:f39c:ad56%en0', os.name: 'Mac OS X', os.arch: 'x86_64', os.version: '10.14.6', java.version: '1.8.0_211'
Driver info: org.openqa.selenium.chrome.ChromeDriver
Capabilities {acceptInsecureCerts: false, acceptSslCerts: false, applicationCacheEnabled: false, browserConnectionEnabled: false, browserName: chrome, chrome: {chromedriverVersion: 2.35.528157 (4429ca2590d698..., userDataDir: /var/folders/j0/66hklvc12yv...}, cssSelectorsEnabled: true, databaseEnabled: false, handlesAlerts: true, hasTouchScreen: false, javascriptEnabled: true, locationContextEnabled: true, mobileEmulationEnabled: false, nativeEvents: true, networkConnectionEnabled: false, pageLoadStrategy: normal, platform: MAC, platformName: MAC, rotatable: false, setWindowRect: true, takesHeapSnapshot: true, takesScreenshot: true, unexpectedAlertBehaviour: , unhandledPromptBehavior: , version: 83.0.4103.106, webStorageEnabled: true}
Session ID: c7f241467ab9e0e7836b1cbb41759822]]>
            </message>
            <full-stacktrace>
              <![CDATA[org.openqa.selenium.InvalidElementStateException: invalid element state: Element is not currently interactable and may not be manipulated
  (Session info: chrome=83.0.4103.106)
  (Driver info: chromedriver=2.35.528157 (4429ca2590d6988c0745c24c8858745aaaec01ef),platform=Mac OS X 10.14.6 x86_64) (WARNING: The server did not provide any stacktrace information)
Command duration or timeout: 0 milliseconds
Build info: version: '3.14.0', revision: 'aacccce0', time: '2018-08-02T20:19:58.91Z'
System info: host: 'Mds-MacBook-Pro.home', ip: 'fe80:0:0:0:1c9e:b5f5:f39c:ad56%en0', os.name: 'Mac OS X', os.arch: 'x86_64', os.version: '10.14.6', java.version: '1.8.0_211'
Driver info: org.openqa.selenium.chrome.ChromeDriver
Capabilities {acceptInsecureCerts: false, acceptSslCerts: false, applicationCacheEnabled: false, browserConnectionEnabled: false, browserName: chrome, chrome: {chromedriverVersion: 2.35.528157 (4429ca2590d698..., userDataDir: /var/folders/j0/66hklvc12yv...}, cssSelectorsEnabled: true, databaseEnabled: false, handlesAlerts: true, hasTouchScreen: false, javascriptEnabled: true, locationContextEnabled: true, mobileEmulationEnabled: false, nativeEvents: true, networkConnectionEnabled: false, pageLoadStrategy: normal, platform: MAC, platformName: MAC, rotatable: false, setWindowRect: true, takesHeapSnapshot: true, takesScreenshot: true, unexpectedAlertBehaviour: , unhandledPromptBehavior: , version: 83.0.4103.106, webStorageEnabled: true}
Session ID: c7f241467ab9e0e7836b1cbb41759822
at sun.reflect.NativeConstructorAccessorImpl.newInstance0(Native Method)
at sun.reflect.NativeConstructorAccessorImpl.newInstance(NativeConstructorAccessorImpl.java:62)
at sun.reflect.DelegatingConstructorAccessorImpl.newInstance(DelegatingConstructorAccessorImpl.java:45)
at java.lang.reflect.Constructor.newInstance(Constructor.java:423)
at org.openqa.selenium.remote.ErrorHandler.createThrowable(ErrorHandler.java:214)
at org.openqa.selenium.remote.ErrorHandler.throwIfResponseFailed(ErrorHandler.java:166)
at org.openqa.selenium.remote.http.JsonHttpResponseCodec.reconstructValue(JsonHttpResponseCodec.java:40)
at org.openqa.selenium.remote.http.AbstractHttpResponseCodec.decode(AbstractHttpResponseCodec.java:80)
at org.openqa.selenium.remote.http.AbstractHttpResponseCodec.decode(AbstractHttpResponseCodec.java:44)
at org.openqa.selenium.remote.HttpCommandExecutor.execute(HttpCommandExecutor.java:158)
at org.openqa.selenium.remote.service.DriverCommandExecutor.execute(DriverCommandExecutor.java:83)
at org.openqa.selenium.remote.RemoteWebDriver.execute(RemoteWebDriver.java:548)
at org.openqa.selenium.remote.RemoteWebElement.execute(RemoteWebElement.java:276)
at org.openqa.selenium.remote.RemoteWebElement.clear(RemoteWebElement.java:118)
at testUnit.LogInTest.logIntest_In_toKohls(LogInTest.java:54)
at sun.reflect.NativeMethodAccessorImpl.invoke0(Native Method)
at sun.reflect.NativeMethodAccessorImpl.invoke(NativeMethodAccessorImpl.java:62)
at sun.reflect.DelegatingMethodAccessorImpl.invoke(DelegatingMethodAccessorImpl.java:43)
at java.lang.reflect.Method.invoke(Method.java:498)
at org.testng.internal.MethodInvocationHelper.invokeMethod(MethodInvocationHelper.java:124)
at org.testng.internal.Invoker.invokeMethod(Invoker.java:583)
at org.testng.internal.Invoker.invokeTestMethod(Invoker.java:719)
at org.testng.internal.Invoker.invokeTestMethods(Invoker.java:989)
at org.testng.internal.TestMethodWorker.invokeTestMethods(TestMethodWorker.java:125)
at org.testng.internal.TestMethodWorker.run(TestMethodWorker.java:109)
at java.util.concurrent.ThreadPoolExecutor.runWorker(ThreadPoolExecutor.java:1149)
at java.util.concurrent.ThreadPoolExecutor$Worker.run(ThreadPoolExecutor.java:624)
at java.lang.Thread.run(Thread.java:748)
]]>
            </full-stacktrace>
          </exception> <!-- org.openqa.selenium.InvalidElementStateException -->
          <reporter-output>
          </reporter-output>
        </test-method> <!-- logIntest_In_toKohls -->
        <test-method status="PASS" signature="getWebSite()[pri:0, instance:testUnit.LogInTest@6276ae34]" name="getWebSite" is-config="true" duration-ms="0" started-at="2020-06-18T02:32:47Z" finished-at="2020-06-18T02:32:47Z">
          <reporter-output>
          </reporter-output>
        </test-method> <!-- getWebSite -->
        <test-method status="PASS" signature="tearDown(org.testng.ITestResult)[pri:0, instance:testUnit.LogInTest@6276ae34]" name="tearDown" is-config="true" duration-ms="422" started-at="2020-06-18T02:32:50Z" finished-at="2020-06-18T02:32:50Z">
          <params>
            <param index="0">
              <value>
                <![CDATA[[TestResult name=logIntest_In_toKohls status=FAILURE method=LogInTest.logIntest_In_toKohls(java.lang.Object, java.lang.Object)[pri:0, instance:testUnit.LogInTest@6276ae34] output={null}]]]>
              </value>
            </param>
          </params>
          <reporter-output>
          </reporter-output>
        </test-method> <!-- tearDown -->
        <test-method status="PASS" signature="testDown()[pri:0, instance:testUnit.LogInTest@6276ae34]" name="testDown" is-config="true" duration-ms="3159" started-at="2020-06-18T02:32:50Z" finished-at="2020-06-18T02:32:53Z">
          <reporter-output>
          </reporter-output>
        </test-method> <!-- testDown -->
      </class> <!-- testUnit.LogInTest -->
      <class name="testUnit.SmokeTest">
        <test-method status="PASS" signature="setExtent()[pri:0, instance:testUnit.SmokeTest@39fb3ab6]" name="setExtent" is-config="true" duration-ms="111" started-at="2020-06-18T02:32:16Z" finished-at="2020-06-18T02:32:16Z">
          <reporter-output>
          </reporter-output>
        </test-method> <!-- setExtent -->
        <test-method status="PASS" signature="reading_PropertyFile()[pri:0, instance:testUnit.SmokeTest@39fb3ab6]" name="reading_PropertyFile" is-config="true" duration-ms="28" started-at="2020-06-18T02:32:16Z" finished-at="2020-06-18T02:32:16Z">
          <reporter-output>
          </reporter-output>
        </test-method> <!-- reading_PropertyFile -->
        <test-method status="PASS" signature="setUp()[pri:0, instance:testUnit.SmokeTest@39fb3ab6]" name="setUp" is-config="true" duration-ms="1046" started-at="2020-06-18T02:32:53Z" finished-at="2020-06-18T02:32:54Z">
          <reporter-output>
          </reporter-output>
        </test-method> <!-- setUp -->
        <test-method status="PASS" signature="logIntest02()[pri:1, instance:testUnit.SmokeTest@39fb3ab6]" name="logIntest02" duration-ms="10509" started-at="2020-06-18T02:32:54Z" finished-at="2020-06-18T02:33:05Z">
          <reporter-output>
          </reporter-output>
        </test-method> <!-- logIntest02 -->
        <test-method status="PASS" signature="getWebSite()[pri:0, instance:testUnit.SmokeTest@39fb3ab6]" name="getWebSite" is-config="true" duration-ms="0" started-at="2020-06-18T02:32:54Z" finished-at="2020-06-18T02:32:54Z">
          <reporter-output>
          </reporter-output>
        </test-method> <!-- getWebSite -->
        <test-method status="PASS" signature="tearDown(org.testng.ITestResult)[pri:0, instance:testUnit.SmokeTest@39fb3ab6]" name="tearDown" is-config="true" duration-ms="3" started-at="2020-06-18T02:33:05Z" finished-at="2020-06-18T02:33:05Z">
          <params>
            <param index="0">
              <value>
                <![CDATA[[TestResult name=logIntest02 status=SUCCESS method=SmokeTest.logIntest02()[pri:1, instance:testUnit.SmokeTest@39fb3ab6] output={null}]]]>
              </value>
            </param>
          </params>
          <reporter-output>
          </reporter-output>
        </test-method> <!-- tearDown -->
        <test-method status="PASS" signature="logIntest01()[pri:2, instance:testUnit.SmokeTest@39fb3ab6]" name="logIntest01" duration-ms="6153" started-at="2020-06-18T02:33:05Z" finished-at="2020-06-18T02:33:11Z">
          <reporter-output>
          </reporter-output>
        </test-method> <!-- logIntest01 -->
        <test-method status="PASS" signature="getWebSite()[pri:0, instance:testUnit.SmokeTest@39fb3ab6]" name="getWebSite" is-config="true" duration-ms="0" started-at="2020-06-18T02:33:05Z" finished-at="2020-06-18T02:33:05Z">
          <reporter-output>
          </reporter-output>
        </test-method> <!-- getWebSite -->
        <test-method status="PASS" signature="tearDown(org.testng.ITestResult)[pri:0, instance:testUnit.SmokeTest@39fb3ab6]" name="tearDown" is-config="true" duration-ms="0" started-at="2020-06-18T02:33:11Z" finished-at="2020-06-18T02:33:11Z">
          <params>
            <param index="0">
              <value>
                <![CDATA[[TestResult name=logIntest01 status=SUCCESS method=SmokeTest.logIntest01()[pri:2, instance:testUnit.SmokeTest@39fb3ab6] output={null}]]]>
              </value>
            </param>
          </params>
          <reporter-output>
          </reporter-output>
        </test-method> <!-- tearDown -->
        <test-method status="PASS" signature="logIntest()[pri:3, instance:testUnit.SmokeTest@39fb3ab6]" name="logIntest" duration-ms="10902" started-at="2020-06-18T02:33:11Z" finished-at="2020-06-18T02:33:22Z">
          <reporter-output>
          </reporter-output>
        </test-method> <!-- logIntest -->
        <test-method status="PASS" signature="getWebSite()[pri:0, instance:testUnit.SmokeTest@39fb3ab6]" name="getWebSite" is-config="true" duration-ms="0" started-at="2020-06-18T02:33:11Z" finished-at="2020-06-18T02:33:11Z">
          <reporter-output>
          </reporter-output>
        </test-method> <!-- getWebSite -->
        <test-method status="PASS" signature="tearDown(org.testng.ITestResult)[pri:0, instance:testUnit.SmokeTest@39fb3ab6]" name="tearDown" is-config="true" duration-ms="2" started-at="2020-06-18T02:33:22Z" finished-at="2020-06-18T02:33:22Z">
          <params>
            <param index="0">
              <value>
                <![CDATA[[TestResult name=logIntest status=SUCCESS method=SmokeTest.logIntest()[pri:3, instance:testUnit.SmokeTest@39fb3ab6] output={null}]]]>
              </value>
            </param>
          </params>
          <reporter-output>
          </reporter-output>
        </test-method> <!-- tearDown -->
        <test-method status="PASS" signature="testDown()[pri:0, instance:testUnit.SmokeTest@39fb3ab6]" name="testDown" is-config="true" duration-ms="3250" started-at="2020-06-18T02:33:22Z" finished-at="2020-06-18T02:33:25Z">
          <reporter-output>
          </reporter-output>
        </test-method> <!-- testDown -->
        <test-method status="PASS" signature="endReport()[pri:0, instance:testUnit.SmokeTest@39fb3ab6]" name="endReport" is-config="true" duration-ms="248" started-at="2020-06-18T02:33:25Z" finished-at="2020-06-18T02:33:25Z">
          <reporter-output>
          </reporter-output>
        </test-method> <!-- endReport -->
      </class> <!-- testUnit.SmokeTest -->
    </test> <!-- Selenium_Advanced_Code -->
  </suite> <!-- FullstackFramework -->
</testng-results>
