<?xml version="1.0" encoding="UTF-8"?>
<!-- Generated by org.testng.reporters.JUnitXMLReporter -->
<testsuite hostname="Mds-MacBook-Pro.home" ignored="4" name="Selenium_Advanced_Code" tests="13" failures="2" timestamp="17 Jun 2020 05:47:52 GMT" time="81.341" errors="0">
  <testcase name="logIntest_In_toKohls" time="8.54" classname="testUnit.LogInTest"/>
  <testcase name="logIntest_In_toKohls" time="3.094" classname="testUnit.LogInTest"/>
  <testcase name="logIntest_In_toKohls" time="2.422" classname="testUnit.LogInTest"/>
  <testcase name="logIntest_In_toKohls" time="3.001" classname="testUnit.LogInTest"/>
  <testcase name="logIntest_In_toKohls" time="2.571" classname="testUnit.LogInTest"/>
  <testcase name="logIntest_In_toKohls" time="2.868" classname="testUnit.LogInTest"/>
  <testcase name="logIntest_In_toKohls" time="2.45" classname="testUnit.LogInTest"/>
  <testcase name="logIntest_In_toKohls" time="2.986" classname="testUnit.LogInTest"/>
  <testcase name="logIntest_In_toKohls" time="2.193" classname="testUnit.LogInTest">
    <failure type="org.openqa.selenium.InvalidElementStateException" message="invalid element state: Element is not currently interactable and may not be manipulated
  (Session info: chrome=83.0.4103.106)
  (Driver info: chromedriver=2.35.528157 (4429ca2590d6988c0745c24c8858745aaaec01ef),platform=Mac OS X 10.14.6 x86_64) (WARNING: The server did not provide any stacktrace information)
Command duration or timeout: 0 milliseconds
Build info: version: &amp;apos;3.14.0&amp;apos;, revision: &amp;apos;aacccce0&amp;apos;, time: &amp;apos;2018-08-02T20:19:58.91Z&amp;apos;
System info: host: &amp;apos;Mds-MacBook-Pro.home&amp;apos;, ip: &amp;apos;fe80:0:0:0:1874:8bbc:11df:1ffa%en0&amp;apos;, os.name: &amp;apos;Mac OS X&amp;apos;, os.arch: &amp;apos;x86_64&amp;apos;, os.version: &amp;apos;10.14.6&amp;apos;, java.version: &amp;apos;1.8.0_211&amp;apos;
Driver info: org.openqa.selenium.chrome.ChromeDriver
Capabilities {acceptInsecureCerts: false, acceptSslCerts: false, applicationCacheEnabled: false, browserConnectionEnabled: false, browserName: chrome, chrome: {chromedriverVersion: 2.35.528157 (4429ca2590d698..., userDataDir: /var/folders/j0/66hklvc12yv...}, cssSelectorsEnabled: true, databaseEnabled: false, handlesAlerts: true, hasTouchScreen: false, javascriptEnabled: true, locationContextEnabled: true, mobileEmulationEnabled: false, nativeEvents: true, networkConnectionEnabled: false, pageLoadStrategy: normal, platform: MAC, platformName: MAC, rotatable: false, setWindowRect: true, takesHeapSnapshot: true, takesScreenshot: true, unexpectedAlertBehaviour: , unhandledPromptBehavior: , version: 83.0.4103.106, webStorageEnabled: true}
Session ID: 1ee5e916575e8f462a731f5f77ae3168">
      <![CDATA[org.openqa.selenium.InvalidElementStateException: invalid element state: Element is not currently interactable and may not be manipulated
  (Session info: chrome=83.0.4103.106)
  (Driver info: chromedriver=2.35.528157 (4429ca2590d6988c0745c24c8858745aaaec01ef),platform=Mac OS X 10.14.6 x86_64) (WARNING: The server did not provide any stacktrace information)
Command duration or timeout: 0 milliseconds
Build info: version: '3.14.0', revision: 'aacccce0', time: '2018-08-02T20:19:58.91Z'
System info: host: 'Mds-MacBook-Pro.home', ip: 'fe80:0:0:0:1874:8bbc:11df:1ffa%en0', os.name: 'Mac OS X', os.arch: 'x86_64', os.version: '10.14.6', java.version: '1.8.0_211'
Driver info: org.openqa.selenium.chrome.ChromeDriver
Capabilities {acceptInsecureCerts: false, acceptSslCerts: false, applicationCacheEnabled: false, browserConnectionEnabled: false, browserName: chrome, chrome: {chromedriverVersion: 2.35.528157 (4429ca2590d698..., userDataDir: /var/folders/j0/66hklvc12yv...}, cssSelectorsEnabled: true, databaseEnabled: false, handlesAlerts: true, hasTouchScreen: false, javascriptEnabled: true, locationContextEnabled: true, mobileEmulationEnabled: false, nativeEvents: true, networkConnectionEnabled: false, pageLoadStrategy: normal, platform: MAC, platformName: MAC, rotatable: false, setWindowRect: true, takesHeapSnapshot: true, takesScreenshot: true, unexpectedAlertBehaviour: , unhandledPromptBehavior: , version: 83.0.4103.106, webStorageEnabled: true}
Session ID: 1ee5e916575e8f462a731f5f77ae3168
at org.openqa.selenium.remote.ErrorHandler.createThrowable(ErrorHandler.java:214)
at org.openqa.selenium.remote.ErrorHandler.throwIfResponseFailed(ErrorHandler.java:166)
at org.openqa.selenium.remote.http.JsonHttpResponseCodec.reconstructValue(JsonHttpResponseCodec.java:40)
at org.openqa.selenium.remote.http.AbstractHttpResponseCodec.decode(AbstractHttpResponseCodec.java:80)
at org.openqa.selenium.remote.http.AbstractHttpResponseCodec.decode(AbstractHttpResponseCodec.java:44)
at org.openqa.selenium.remote.HttpCommandExecutor.execute(HttpCommandExecutor.java:158)
at org.openqa.selenium.remote.service.DriverCommandExecutor.execute(DriverCommandExecutor.java:83)
at org.openqa.selenium.remote.RemoteWebDriver.execute(RemoteWebDriver.java:548)
at org.openqa.selenium.remote.RemoteWebElement.execute(RemoteWebElement.java:276)
at org.openqa.selenium.remote.RemoteWebElement.clear(RemoteWebElement.java:118)
at testUnit.LogInTest.logIntest_In_toKohls(LogInTest.java:48)
at java.util.concurrent.ThreadPoolExecutor.runWorker(ThreadPoolExecutor.java:1149)
at java.util.concurrent.ThreadPoolExecutor$Worker.run(ThreadPoolExecutor.java:624)
at java.lang.Thread.run(Thread.java:748)
... Removed 14 stack frames]]>
    </failure>
  </testcase> <!-- logIntest_In_toKohls -->
  <testcase name="logIntest_In_toKohls" time="1.952" classname="testUnit.LogInTest">
    <failure type="java.lang.NullPointerException">
      <![CDATA[java.lang.NullPointerException
at testUnit.LogInTest.logIntest_In_toKohls(LogInTest.java:49)
at java.util.concurrent.ThreadPoolExecutor.runWorker(ThreadPoolExecutor.java:1149)
at java.util.concurrent.ThreadPoolExecutor$Worker.run(ThreadPoolExecutor.java:624)
at java.lang.Thread.run(Thread.java:748)
... Removed 10 stack frames]]>
    </failure>
  </testcase> <!-- logIntest_In_toKohls -->
  <testcase name="logIntest02" time="7.826" classname="testUnit.SmokeTest"/>
  <testcase name="logIntest01" time="7.047" classname="testUnit.SmokeTest"/>
  <testcase name="logIntest" time="21.346" classname="testUnit.SmokeTest"/>
  <testcase name="@BeforeSuite setExtent" time="0.0" classname="testUnit.BaseTest">
    <ignored/>
  </testcase> <!-- @BeforeSuite setExtent -->
  <testcase name="@BeforeTest reading_PropertyFile" time="0.0" classname="testUnit.BaseTest">
    <ignored/>
  </testcase> <!-- @BeforeTest reading_PropertyFile -->
  <testcase name="logIntest_IntoKohls" time="0.0" classname="testUnit.LogInTest">
    <ignored/>
  </testcase> <!-- logIntest_IntoKohls -->
  <testcase name="@AfterSuite endReport" time="0.0" classname="testUnit.BaseTest">
    <ignored/>
  </testcase> <!-- @AfterSuite endReport -->
</testsuite> <!-- Selenium_Advanced_Code -->
